{"uid":"873d402c268d9600","name":"Login_EmptyCredentials_ErrorNotificationAppeared","fullName":"AF:AF.Tests.Ui.LoginTests.Login_EmptyCredentials_ErrorNotificationAppeared()","historyId":"522a6571adbf4d2df5a1717a69ccc12d","time":{"start":1730815678191,"stop":1730815712833,"duration":34642},"description":"Login with empty credentials.","descriptionHtml":"<p>Login with empty credentials.</p>\n","status":"broken","statusMessage":"System.Reflection.TargetInvocationException : Exception has been thrown by the target of an invocation.\n  ----> OpenQA.Selenium.WebDriverTimeoutException : Timed out after 20 seconds\n  ----> OpenQA.Selenium.NoSuchElementException : no such element: Unable to locate element: {\"method\":\"xpath\",\"selector\":\"//*[contains(text(),'Bad credentials')]\"}\n  (Session info: chrome=130.0.6723.58); For documentation on this error, please visit: https://www.selenium.dev/documentation/webdriver/troubleshooting/errors#no-such-element-exception","statusTrace":"   at System.Reflection.MethodBaseInvoker.InvokeWithManyArgs(Object obj, BindingFlags invokeAttr, Binder binder, Object[] parameters, CultureInfo culture)\n   at Allure.Net.Commons.Steps.AllureStepAspectBase.Around(String name, Object[] args, Func`2 target, MethodBase metadata, Type returnType)\n   at AF.Steps.UserLoginSteps.__a$_around_LoginWithEmptyCredentials_100663437_w_0(Object[])\n   at AF.Steps.UserLoginSteps.LoginWithEmptyCredentials()\n   at AF.Tests.Ui.LoginTests.Login_EmptyCredentials_ErrorNotificationAppeared() in /home/runner/work/AF/AF/AF/Tests/Ui/LoginTests.cs:line 110\n   at System.RuntimeMethodHandle.InvokeMethod(Object target, Void** arguments, Signature sig, Boolean isConstructor)\n   at System.Reflection.MethodBaseInvoker.InvokeWithNoArgs(Object obj, BindingFlags invokeAttr)\n--WebDriverTimeoutException\n   at OpenQA.Selenium.Support.UI.DefaultWait`1.ThrowTimeoutException(String exceptionMessage, Exception lastException)\n   at OpenQA.Selenium.Support.UI.DefaultWait`1.Until[TResult](Func`2 condition, CancellationToken token)\n   at OpenQA.Selenium.Support.UI.DefaultWait`1.Until[TResult](Func`2 condition)\n   at AF.Utils.Wrappers.Waits.WaitForExist(By locator) in /home/runner/work/AF/AF/AF/Utils/Wrappers/Waits.cs:line 134\n   at AF.Utils.Wrappers.UiElement..ctor(IWebDriver driver, By locator) in /home/runner/work/AF/AF/AF/Utils/Wrappers/UiElement.cs:line 36\n   at AF.Utils.Wrappers.Notification..ctor(IWebDriver driver, By locator) in /home/runner/work/AF/AF/AF/Utils/Wrappers/Notification.cs:line 7\n   at AF.Pages.LoginPage.get_Notification() in /home/runner/work/AF/AF/AF/Pages/LoginPage.cs:line 21\n   at AF.Steps.UserLoginSteps.__a$_around_LoginWithEmptyCredentials_100663437_o() in /home/runner/work/AF/AF/AF/Steps/Ui/UserLoginSteps.cs:line 73\n   at AF.Steps.UserLoginSteps.__a$_around_LoginWithEmptyCredentials_100663437_u(Object[])\n   at Allure.Net.Commons.Steps.AllureAbstractStepAspect.WrapSync[T](Func`2 target, Object[] args, MethodBase metadata, String stepName, List`1 stepParameters)\n   at InvokeStub_AllureAbstractStepAspect.WrapSync(Object, Span`1)\n   at System.Reflection.MethodBaseInvoker.InvokeWithManyArgs(Object obj, BindingFlags invokeAttr, Binder binder, Object[] parameters, CultureInfo culture)\n--NoSuchElementException\n   at OpenQA.Selenium.WebDriver.UnpackAndThrowOnError(Response errorResponse, String commandToExecute)\n   at OpenQA.Selenium.WebDriver.ExecuteAsync(String driverCommandToExecute, Dictionary`2 parameters)\n   at OpenQA.Selenium.Support.UI.DefaultWait`1.Until[TResult](Func`2 condition, CancellationToken token)","flaky":false,"newFailed":false,"newBroken":false,"newPassed":false,"retriesCount":0,"retriesStatusChange":false,"beforeStages":[{"name":"Setting up API services","time":{"start":1730815678209,"stop":1730815678240,"duration":31},"status":"passed","steps":[],"attachments":[],"parameters":[],"shouldDisplayMessage":false,"stepsCount":0,"attachmentsCount":0,"hasContent":false},{"name":"Start the browser","time":{"start":1730815678242,"stop":1730815680330,"duration":2088},"status":"passed","steps":[],"attachments":[],"parameters":[],"shouldDisplayMessage":false,"stepsCount":0,"attachmentsCount":0,"hasContent":false},{"name":"Open Login page by URL","time":{"start":1730815680331,"stop":1730815690512,"duration":10181},"status":"passed","steps":[{"name":"Evaluating the loaded status of the Login page","time":{"start":1730815690336,"stop":1730815690512,"duration":176},"status":"passed","steps":[],"attachments":[],"parameters":[],"shouldDisplayMessage":false,"stepsCount":0,"attachmentsCount":0,"hasContent":false}],"attachments":[],"parameters":[],"shouldDisplayMessage":false,"stepsCount":1,"attachmentsCount":0,"hasContent":true}],"testStage":{"description":"Login with empty credentials.","status":"broken","statusMessage":"System.Reflection.TargetInvocationException : Exception has been thrown by the target of an invocation.\n  ----> OpenQA.Selenium.WebDriverTimeoutException : Timed out after 20 seconds\n  ----> OpenQA.Selenium.NoSuchElementException : no such element: Unable to locate element: {\"method\":\"xpath\",\"selector\":\"//*[contains(text(),'Bad credentials')]\"}\n  (Session info: chrome=130.0.6723.58); For documentation on this error, please visit: https://www.selenium.dev/documentation/webdriver/troubleshooting/errors#no-such-element-exception","statusTrace":"   at System.Reflection.MethodBaseInvoker.InvokeWithManyArgs(Object obj, BindingFlags invokeAttr, Binder binder, Object[] parameters, CultureInfo culture)\n   at Allure.Net.Commons.Steps.AllureStepAspectBase.Around(String name, Object[] args, Func`2 target, MethodBase metadata, Type returnType)\n   at AF.Steps.UserLoginSteps.__a$_around_LoginWithEmptyCredentials_100663437_w_0(Object[])\n   at AF.Steps.UserLoginSteps.LoginWithEmptyCredentials()\n   at AF.Tests.Ui.LoginTests.Login_EmptyCredentials_ErrorNotificationAppeared() in /home/runner/work/AF/AF/AF/Tests/Ui/LoginTests.cs:line 110\n   at System.RuntimeMethodHandle.InvokeMethod(Object target, Void** arguments, Signature sig, Boolean isConstructor)\n   at System.Reflection.MethodBaseInvoker.InvokeWithNoArgs(Object obj, BindingFlags invokeAttr)\n--WebDriverTimeoutException\n   at OpenQA.Selenium.Support.UI.DefaultWait`1.ThrowTimeoutException(String exceptionMessage, Exception lastException)\n   at OpenQA.Selenium.Support.UI.DefaultWait`1.Until[TResult](Func`2 condition, CancellationToken token)\n   at OpenQA.Selenium.Support.UI.DefaultWait`1.Until[TResult](Func`2 condition)\n   at AF.Utils.Wrappers.Waits.WaitForExist(By locator) in /home/runner/work/AF/AF/AF/Utils/Wrappers/Waits.cs:line 134\n   at AF.Utils.Wrappers.UiElement..ctor(IWebDriver driver, By locator) in /home/runner/work/AF/AF/AF/Utils/Wrappers/UiElement.cs:line 36\n   at AF.Utils.Wrappers.Notification..ctor(IWebDriver driver, By locator) in /home/runner/work/AF/AF/AF/Utils/Wrappers/Notification.cs:line 7\n   at AF.Pages.LoginPage.get_Notification() in /home/runner/work/AF/AF/AF/Pages/LoginPage.cs:line 21\n   at AF.Steps.UserLoginSteps.__a$_around_LoginWithEmptyCredentials_100663437_o() in /home/runner/work/AF/AF/AF/Steps/Ui/UserLoginSteps.cs:line 73\n   at AF.Steps.UserLoginSteps.__a$_around_LoginWithEmptyCredentials_100663437_u(Object[])\n   at Allure.Net.Commons.Steps.AllureAbstractStepAspect.WrapSync[T](Func`2 target, Object[] args, MethodBase metadata, String stepName, List`1 stepParameters)\n   at InvokeStub_AllureAbstractStepAspect.WrapSync(Object, Span`1)\n   at System.Reflection.MethodBaseInvoker.InvokeWithManyArgs(Object obj, BindingFlags invokeAttr, Binder binder, Object[] parameters, CultureInfo culture)\n--NoSuchElementException\n   at OpenQA.Selenium.WebDriver.UnpackAndThrowOnError(Response errorResponse, String commandToExecute)\n   at OpenQA.Selenium.WebDriver.ExecuteAsync(String driverCommandToExecute, Dictionary`2 parameters)\n   at OpenQA.Selenium.Support.UI.DefaultWait`1.Until[TResult](Func`2 condition, CancellationToken token)","steps":[{"name":"Login with empty credentials","time":{"start":1730815690513,"stop":1730815712626,"duration":22113},"status":"broken","statusMessage":"Timed out after 20 seconds","statusTrace":"OpenQA.Selenium.WebDriverTimeoutException: Timed out after 20 seconds\n ---> OpenQA.Selenium.NoSuchElementException: no such element: Unable to locate element: {\"method\":\"xpath\",\"selector\":\"//*[contains(text(),'Bad credentials')]\"}\n  (Session info: chrome=130.0.6723.58); For documentation on this error, please visit: https://www.selenium.dev/documentation/webdriver/troubleshooting/errors#no-such-element-exception\n   at OpenQA.Selenium.WebDriver.UnpackAndThrowOnError(Response errorResponse, String commandToExecute)\n   at OpenQA.Selenium.WebDriver.ExecuteAsync(String driverCommandToExecute, Dictionary`2 parameters)\n   at OpenQA.Selenium.Support.UI.DefaultWait`1.Until[TResult](Func`2 condition, CancellationToken token)\n   --- End of inner exception stack trace ---\n   at OpenQA.Selenium.Support.UI.DefaultWait`1.ThrowTimeoutException(String exceptionMessage, Exception lastException)\n   at OpenQA.Selenium.Support.UI.DefaultWait`1.Until[TResult](Func`2 condition, CancellationToken token)\n   at OpenQA.Selenium.Support.UI.DefaultWait`1.Until[TResult](Func`2 condition)\n   at AF.Utils.Wrappers.Waits.WaitForExist(By locator) in /home/runner/work/AF/AF/AF/Utils/Wrappers/Waits.cs:line 134\n   at AF.Utils.Wrappers.UiElement..ctor(IWebDriver driver, By locator) in /home/runner/work/AF/AF/AF/Utils/Wrappers/UiElement.cs:line 36\n   at AF.Utils.Wrappers.Notification..ctor(IWebDriver driver, By locator) in /home/runner/work/AF/AF/AF/Utils/Wrappers/Notification.cs:line 7\n   at AF.Pages.LoginPage.get_Notification() in /home/runner/work/AF/AF/AF/Pages/LoginPage.cs:line 21\n   at AF.Steps.UserLoginSteps.__a$_around_LoginWithEmptyCredentials_100663437_o() in /home/runner/work/AF/AF/AF/Steps/Ui/UserLoginSteps.cs:line 73\n   at AF.Steps.UserLoginSteps.__a$_around_LoginWithEmptyCredentials_100663437_u(Object[])\n   at Allure.Net.Commons.Steps.AllureAbstractStepAspect.WrapSync[T](Func`2 target, Object[] args, MethodBase metadata, String stepName, List`1 stepParameters)","steps":[{"name":"Evaluating the loaded status of the Login page","time":{"start":1730815691445,"stop":1730815692017,"duration":572},"status":"passed","steps":[],"attachments":[],"parameters":[],"shouldDisplayMessage":false,"stepsCount":0,"attachmentsCount":0,"hasContent":false}],"attachments":[],"parameters":[],"shouldDisplayMessage":true,"stepsCount":1,"attachmentsCount":0,"hasContent":true}],"attachments":[{"uid":"a1d5eef7f16f6ee0","name":"Console Output","source":"a1d5eef7f16f6ee0.txt","type":"text/plain","size":674}],"parameters":[],"shouldDisplayMessage":true,"stepsCount":2,"attachmentsCount":1,"hasContent":true},"afterStages":[{"name":"Dispose the browser","time":{"start":1730815712627,"stop":1730815712832,"duration":205},"status":"passed","steps":[],"attachments":[{"uid":"f7ed3e475eebad97","name":"screenshot","source":"f7ed3e475eebad97.png","type":"image/png","size":170782}],"parameters":[],"shouldDisplayMessage":false,"stepsCount":0,"attachmentsCount":1,"hasContent":true},{"name":"Tearing down logs","time":{"start":1730815712832,"stop":1730815712833,"duration":1},"status":"passed","steps":[],"attachments":[{"uid":"a9749010ea06cc85","name":"InfoLogFile","source":"a9749010ea06cc85.txt","type":"text/plain","size":4193},{"uid":"47eeee8bf5f84ad9","name":"ErrorLogFile","source":"47eeee8bf5f84ad9.txt","type":"text/plain","size":128}],"parameters":[],"shouldDisplayMessage":false,"stepsCount":0,"attachmentsCount":2,"hasContent":true}],"labels":[{"name":"thread","value":"ParallelWorker#2"},{"name":"host","value":"fv-az1052-401"},{"name":"language","value":"C#"},{"name":"framework","value":"NUnit 3"},{"name":"package","value":"AF.Tests.Ui"},{"name":"testMethod","value":"Login_EmptyCredentials_ErrorNotificationAppeared"},{"name":"testClass","value":"LoginTests"},{"name":"suite","value":"Login"},{"name":"parentSuite","value":"Login"},{"name":"subSuite","value":"UI"},{"name":"severity","value":"critical"},{"name":"owner","value":"ASciapaniuk"},{"name":"tag","value":"Negative"},{"name":"tag","value":"ErrorNotification"},{"name":"tag","value":"UI"},{"name":"tag","value":"Login"},{"name":"tag","value":"Smoke"},{"name":"resultFormat","value":"allure2"}],"parameters":[],"links":[],"hidden":false,"retry":false,"extra":{"severity":"critical","owner":"ASciapaniuk","retries":[],"categories":[{"name":"Test defects","matchedStatuses":[],"flaky":false}],"tags":["Negative","UI","Login","Smoke","ErrorNotification"]},"source":"873d402c268d9600.json","parameterValues":[]}